<?xml version="1.0" encoding="UTF-8"?>
<!-- Generated by org.testng.reporters.JUnitReportReporter -->
<testsuite hostname="LAPTOP-AG8IO77N" name="com.presta.tests.SmokeTest" tests="7" failures="0" timestamp="2 Apr 2017 22:18:48 GMT" time="169.988" errors="0">
  <testcase name="addanddelete" time="31.136" classname="com.presta.tests.SmokeTest"/>
  <testcase name="searchProduct" time="10.066" classname="com.presta.tests.SmokeTest"/>
  <testcase name="cartaddressverify" time="27.815" classname="com.presta.tests.SmokeTest"/>
  <testcase name="cartshippingverify" time="37.985" classname="com.presta.tests.SmokeTest"/>
  <testcase name="cartpaymentVerification" time="44.838" classname="com.presta.tests.SmokeTest"/>
  <testcase name="alogin_Positive" time="0.126" classname="com.presta.tests.SmokeTest"/>
  <testcase name="loginNegative" time="18.022" classname="com.presta.tests.SmokeTest"/>
</testsuite> <!-- com.presta.tests.SmokeTest -->
